e:\work\societe freepartners\clients\temp\silkom\projets\mydll\mydll\x64\debug\mydll.pch
e:\work\societe freepartners\clients\temp\silkom\projets\mydll\mydll\x64\debug\vc143.pdb
e:\work\societe freepartners\clients\temp\silkom\projets\mydll\mydll\x64\debug\vc143.idb
e:\work\societe freepartners\clients\temp\silkom\projets\mydll\mydll\x64\debug\pch.obj
e:\work\societe freepartners\clients\temp\silkom\projets\mydll\mydll\x64\debug\mydll.obj
e:\work\societe freepartners\clients\temp\silkom\projets\livraison\mydll.dll
e:\work\societe freepartners\clients\temp\silkom\projets\livraison\mydll.pdb
e:\work\societe freepartners\clients\temp\silkom\projets\mydll\mydll\x64\debug\mydll.res
e:\work\societe freepartners\clients\temp\silkom\projets\livraison\mydll.lib
e:\work\societe freepartners\clients\temp\silkom\projets\livraison\mydll.exp
e:\work\societe freepartners\clients\temp\silkom\projets\mydll\mydll\x64\debug\mydll.ilk
e:\work\societe freepartners\clients\temp\silkom\projets\mydll\mydll\x64\debug\mydll.tlog\cl.command.1.tlog
e:\work\societe freepartners\clients\temp\silkom\projets\mydll\mydll\x64\debug\mydll.tlog\cl.items.tlog
e:\work\societe freepartners\clients\temp\silkom\projets\mydll\mydll\x64\debug\mydll.tlog\cl.read.1.tlog
e:\work\societe freepartners\clients\temp\silkom\projets\mydll\mydll\x64\debug\mydll.tlog\cl.write.1.tlog
e:\work\societe freepartners\clients\temp\silkom\projets\mydll\mydll\x64\debug\mydll.tlog\link.command.1.tlog
e:\work\societe freepartners\clients\temp\silkom\projets\mydll\mydll\x64\debug\mydll.tlog\link.read.1.tlog
e:\work\societe freepartners\clients\temp\silkom\projets\mydll\mydll\x64\debug\mydll.tlog\link.secondary.1.tlog
e:\work\societe freepartners\clients\temp\silkom\projets\mydll\mydll\x64\debug\mydll.tlog\link.write.1.tlog
e:\work\societe freepartners\clients\temp\silkom\projets\mydll\mydll\x64\debug\mydll.tlog\rc.command.1.tlog
e:\work\societe freepartners\clients\temp\silkom\projets\mydll\mydll\x64\debug\mydll.tlog\rc.read.1.tlog
e:\work\societe freepartners\clients\temp\silkom\projets\mydll\mydll\x64\debug\mydll.tlog\rc.write.1.tlog
