e:\work\societe freepartners\clients\temp\silkom\projets\mymfc\mymfc\x64\debug\mymfc.pch
e:\work\societe freepartners\clients\temp\silkom\projets\mymfc\mymfc\x64\debug\vc143.pdb
e:\work\societe freepartners\clients\temp\silkom\projets\mymfc\mymfc\x64\debug\vc143.idb
e:\work\societe freepartners\clients\temp\silkom\projets\mymfc\mymfc\x64\debug\pch.obj
e:\work\societe freepartners\clients\temp\silkom\projets\mymfc\mymfc\x64\debug\mymfcdlg.obj
e:\work\societe freepartners\clients\temp\silkom\projets\mymfc\mymfc\x64\debug\mymfc.obj
e:\work\societe freepartners\clients\temp\silkom\projets\livraison\mymfc.exe
e:\work\societe freepartners\clients\temp\silkom\projets\livraison\mymfc.pdb
e:\work\societe freepartners\clients\temp\silkom\projets\mymfc\mymfc\x64\debug\mymfc.res
e:\work\societe freepartners\clients\temp\silkom\projets\mymfc\mymfc\x64\debug\mymfc.ilk
e:\work\societe freepartners\clients\temp\silkom\projets\mymfc\mymfc\x64\debug\mymfc.tlog\cl.command.1.tlog
e:\work\societe freepartners\clients\temp\silkom\projets\mymfc\mymfc\x64\debug\mymfc.tlog\cl.items.tlog
e:\work\societe freepartners\clients\temp\silkom\projets\mymfc\mymfc\x64\debug\mymfc.tlog\cl.read.1.tlog
e:\work\societe freepartners\clients\temp\silkom\projets\mymfc\mymfc\x64\debug\mymfc.tlog\cl.write.1.tlog
e:\work\societe freepartners\clients\temp\silkom\projets\mymfc\mymfc\x64\debug\mymfc.tlog\link.command.1.tlog
e:\work\societe freepartners\clients\temp\silkom\projets\mymfc\mymfc\x64\debug\mymfc.tlog\link.read.1.tlog
e:\work\societe freepartners\clients\temp\silkom\projets\mymfc\mymfc\x64\debug\mymfc.tlog\link.secondary.1.tlog
e:\work\societe freepartners\clients\temp\silkom\projets\mymfc\mymfc\x64\debug\mymfc.tlog\link.write.1.tlog
e:\work\societe freepartners\clients\temp\silkom\projets\mymfc\mymfc\x64\debug\mymfc.tlog\rc.command.1.tlog
e:\work\societe freepartners\clients\temp\silkom\projets\mymfc\mymfc\x64\debug\mymfc.tlog\rc.read.1.tlog
e:\work\societe freepartners\clients\temp\silkom\projets\mymfc\mymfc\x64\debug\mymfc.tlog\rc.write.1.tlog
